Arguments: 
  /usr/local/Cellar/node/9.4.0/bin/node /usr/local/Cellar/yarn/1.3.2/libexec/bin/yarn.js init

PATH: 
  /usr/local/bin:/usr/bin:/bin:/usr/sbin:/sbin:/usr/local/share/dotnet:/Library/Frameworks/Mono.framework/Versions/Current/Commands:/Users/paul/Library/Python/2.7/bin

Yarn version: 
  1.3.2

Node version: 
  9.4.0

Platform: 
  darwin x64

npm manifest: 
  {
    "name": "todo-better-angular",
    "version": "1.0.0",
    "description": "Sample app for improved angular code structure",
    "main": "src/app.js",
    "scripts": {
      "test": "echo \"Error: no test specified\" && exit 1",
      "start": "webpack-dev-server --inline --hot"
    },
    "author": "Paul Heasley <paul@phdesign.com.au>",
    "license": "MIT",
    "devDependencies": {
      "css-loader": "^0.28.4",
      "eslint": "^4.4.1",
      "eslint-loader": "^1.9.0",
      "html-loader": "^0.5.1",
      "ngtemplate-loader": "^2.0.1",
      "style-loader": "^0.18.2",
      "webpack": "^3.5.4",
      "webpack-dev-server": "^2.7.1"
    },
    "dependencies": {
      "angular": "^1.6.5",
      "node-uuid": "^1.4.8"
    }
  }

yarn manifest: 
  No manifest

Lockfile: 
  No lockfile

Trace: 
  Error: canceled
      at Interface.<anonymous> (/usr/local/Cellar/yarn/1.3.2/libexec/lib/cli.js:121045:13)
      at Interface.emit (events.js:160:13)
      at Interface._ttyWrite (readline.js:784:16)
      at ReadStream.onkeypress (readline.js:165:10)
      at ReadStream.emit (events.js:160:13)
      at emitKeys (internal/readline.js:420:14)
      at emitKeys.next (<anonymous>)
      at ReadStream.onData (readline.js:1020:36)
      at ReadStream.emit (events.js:160:13)
      at addChunk (_stream_readable.js:269:12)
